<?xml version="1.0" encoding="UTF-8"?>
<!-- Generated by org.testng.reporters.JUnitReportReporter -->
<testsuite hostname="LAPTOP-VT7KI1HB" failures="0" tests="1" name="timetableManagementTestScripts.ExportScheduleTestNG" time="13.258" errors="0" timestamp="2024-04-15T08:52:52 ICT" skipped="0">
  <testcase classname="timetableManagementTestScripts.ExportScheduleTestNG" name="exportScheduleSucceed" time="13.258"/>
  <system-out/>
</testsuite> <!-- timetableManagementTestScripts.ExportScheduleTestNG -->
