<?xml version="1.0" encoding="UTF-8"?>
<!-- Generated by org.testng.reporters.JUnitReportReporter -->
<testsuite hostname="LAPTOP-VT7KI1HB" failures="0" tests="3" name="statisticsManagementTestScripts.ViewHoursInTermTestNG" time="8.413" errors="0" timestamp="2024-04-15T08:58:11 ICT" skipped="0">
  <testcase classname="statisticsManagementTestScripts.ViewHoursInTermTestNG" name="compareTitle" time="0.041"/>
  <system-out/>
  <testcase classname="statisticsManagementTestScripts.ViewHoursInTermTestNG" name="scrollUpAndDownPage" time="4.084"/>
  <system-out/>
  <testcase classname="statisticsManagementTestScripts.ViewHoursInTermTestNG" name="fullAndMinimizeScreen" time="4.288"/>
  <system-out/>
</testsuite> <!-- statisticsManagementTestScripts.ViewHoursInTermTestNG -->
