<?xml version="1.0" encoding="UTF-8"?>
<!-- Generated by org.testng.reporters.JUnitReportReporter -->
<testsuite hostname="LAPTOP-VT7KI1HB" failures="0" tests="2" name="termManagementTestScripts.DeleteTermTestNG" time="9.225" errors="0" timestamp="2024-03-22T21:49:08 ICT" skipped="0">
  <testcase classname="termManagementTestScripts.DeleteTermTestNG" name="TestCase2" time="4.450"/>
  <system-out/>
  <testcase classname="termManagementTestScripts.DeleteTermTestNG" name="TestCase1" time="4.775"/>
  <system-out/>
</testsuite> <!-- termManagementTestScripts.DeleteTermTestNG -->
