<?xml version="1.0" encoding="UTF-8"?>
<!-- Generated by org.testng.reporters.JUnitReportReporter -->
<testsuite hostname="LAPTOP-VT7KI1HB" failures="0" tests="3" name="majorManagementTestScripts.ViewListOfMajorTestNG" time="5.233" errors="0" timestamp="2024-04-14T20:34:26 ICT" skipped="0">
  <testcase classname="majorManagementTestScripts.ViewListOfMajorTestNG" name="compareTitle" time="0.041"/>
  <system-out/>
  <testcase classname="majorManagementTestScripts.ViewListOfMajorTestNG" name="scrollWebsite" time="4.026"/>
  <system-out/>
  <testcase classname="majorManagementTestScripts.ViewListOfMajorTestNG" name="printAndCompareQuantitiesDataTable" time="1.166"/>
  <system-out/>
</testsuite> <!-- majorManagementTestScripts.ViewListOfMajorTestNG -->
