<?xml version="1.0" encoding="UTF-8"?>
<!-- Generated by org.testng.reporters.JUnitReportReporter -->
<testsuite hostname="LAPTOP-VT7KI1HB" failures="0" tests="1" name="statisticsManagementTestScripts.ViewLecturerTimetableTestNG" time="3.529" errors="0" timestamp="2024-03-22T18:50:26 ICT" skipped="0">
  <testcase classname="statisticsManagementTestScripts.ViewLecturerTimetableTestNG" name="TC_01" time="3.529"/>
  <system-out/>
</testsuite> <!-- statisticsManagementTestScripts.ViewLecturerTimetableTestNG -->
