<?xml version="1.0" encoding="UTF-8"?>
<!-- Generated by org.testng.reporters.JUnitReportReporter -->
<testsuite hostname="LAPTOP-VT7KI1HB" failures="0" tests="1" name="loginPageTestScripts.LogoutFromQLPCGDTestNG" time="3.153" errors="0" timestamp="2024-04-14T19:38:55 ICT" skipped="0">
  <testcase classname="loginPageTestScripts.LogoutFromQLPCGDTestNG" name="logoutFromQLPCGDWebsiteSucceed" time="3.153"/>
  <system-out/>
</testsuite> <!-- loginPageTestScripts.LogoutFromQLPCGDTestNG -->
