<?xml version="1.0" encoding="UTF-8"?>
<!-- Generated by org.testng.reporters.JUnitReportReporter -->
<testsuite hostname="LAPTOP-VT7KI1HB" failures="0" tests="1" name="termManagementTestScripts.LockTermTestNG" time="4.362" errors="0" timestamp="2024-03-22T18:28:24 ICT" skipped="0">
  <testcase classname="termManagementTestScripts.LockTermTestNG" name="TestCase1" time="4.362"/>
  <system-out/>
</testsuite> <!-- termManagementTestScripts.LockTermTestNG -->
