<?xml version="1.0" encoding="UTF-8"?>
<!-- Generated by org.testng.reporters.JUnitReportReporter -->
<testsuite hostname="LAPTOP-VT7KI1HB" failures="0" tests="1" name="loginPageTestScripts.LoginToQLPCGDWebsiteTestNG" time="9.355" errors="0" timestamp="2024-04-14T19:35:18 ICT" skipped="0">
  <testcase classname="loginPageTestScripts.LoginToQLPCGDWebsiteTestNG" name="loginToQLPCGDWebsiteSucceed" time="9.355"/>
  <system-out/>
</testsuite> <!-- loginPageTestScripts.LoginToQLPCGDWebsiteTestNG -->
