<?xml version="1.0" encoding="UTF-8"?>
<!-- Generated by org.testng.reporters.JUnitReportReporter -->
<testsuite hostname="LAPTOP-VT7KI1HB" failures="0" tests="3" name="statisticsManagementTestScripts.ViewHoursInYearTestNG" time="8.431" errors="0" timestamp="2024-04-15T09:07:24 ICT" skipped="0">
  <testcase classname="statisticsManagementTestScripts.ViewHoursInYearTestNG" name="scrollUpAndDownPage" time="4.103"/>
  <system-out/>
  <testcase classname="statisticsManagementTestScripts.ViewHoursInYearTestNG" name="compareTitle" time="0.035"/>
  <system-out/>
  <testcase classname="statisticsManagementTestScripts.ViewHoursInYearTestNG" name="fullAndMinimizeScreen" time="4.293"/>
  <system-out/>
</testsuite> <!-- statisticsManagementTestScripts.ViewHoursInYearTestNG -->
