<?xml version="1.0" encoding="UTF-8"?>
<!-- Generated by org.testng.reporters.JUnitReportReporter -->
<testsuite hostname="LAPTOP-VT7KI1HB" failures="0" tests="1" name="termManagementTestNG.SearchTermTestNG" time="4.412" errors="0" timestamp="2024-03-22T18:11:01 ICT" skipped="0">
  <testcase classname="termManagementTestNG.SearchTermTestNG" name="TestCase1" time="4.412"/>
  <system-out/>
</testsuite> <!-- termManagementTestNG.SearchTermTestNG -->
