<?xml version="1.0" encoding="UTF-8"?>
<!-- Generated by org.testng.reporters.JUnitReportReporter -->
<testsuite hostname="LAPTOP-VT7KI1HB" failures="0" tests="4" name="majorManagementTestScripts.AddMajorTestNG" time="41.180" errors="0" timestamp="2024-04-12T16:06:28 ICT" skipped="0">
  <testcase classname="majorManagementTestScripts.AddMajorTestNG" name="addMajorSucceed" time="8.690"/>
  <system-out/>
  <testcase classname="majorManagementTestScripts.AddMajorTestNG" name="addMajorWithoutDataFailed" time="10.860"/>
  <system-out/>
  <testcase classname="majorManagementTestScripts.AddMajorTestNG" name="addMajorWithSpecialCharacterFailed" time="10.828"/>
  <system-out/>
  <testcase classname="majorManagementTestScripts.AddMajorTestNG" name="addMajorWithoutCTDTFailed" time="10.802"/>
  <system-out/>
</testsuite> <!-- majorManagementTestScripts.AddMajorTestNG -->
