<?xml version="1.0" encoding="UTF-8"?>
<!-- Generated by org.testng.reporters.JUnitReportReporter -->
<testsuite hostname="LAPTOP-VT7KI1HB" failures="0" tests="4" name="majorManagementTestScripts.AddMajorTestNG" time="44.223" errors="0" timestamp="2024-04-14T21:09:07 ICT" skipped="0">
  <testcase classname="majorManagementTestScripts.AddMajorTestNG" name="addMajorSucceed" time="8.876"/>
  <system-out/>
  <testcase classname="majorManagementTestScripts.AddMajorTestNG" name="addMajorWithoutDataFailed" time="11.831"/>
  <system-out/>
  <testcase classname="majorManagementTestScripts.AddMajorTestNG" name="addMajorWithSpecialCharacterFailed" time="11.847"/>
  <system-out/>
  <testcase classname="majorManagementTestScripts.AddMajorTestNG" name="addMajorWithoutCTDTFailed" time="11.669"/>
  <system-out/>
</testsuite> <!-- majorManagementTestScripts.AddMajorTestNG -->
