<?xml version="1.0" encoding="UTF-8"?>
<!-- Generated by org.testng.reporters.JUnitReportReporter -->
<testsuite hostname="LAPTOP-VT7KI1HB" failures="0" tests="4" name="statisticsManagerTestScripts.ViewSubjectsInYearTestNG" time="30.893" errors="0" timestamp="2024-03-21T17:03:45 ICT" skipped="0">
  <testcase classname="statisticsManagerTestScripts.ViewSubjectsInYearTestNG" name="scrollUpAndDownPage" time="4.065"/>
  <system-out/>
  <testcase classname="statisticsManagerTestScripts.ViewSubjectsInYearTestNG" name="compareTitle" time="0.041"/>
  <system-out/>
  <testcase classname="statisticsManagerTestScripts.ViewSubjectsInYearTestNG" name="getDataFromTable" time="22.524"/>
  <system-out/>
  <testcase classname="statisticsManagerTestScripts.ViewSubjectsInYearTestNG" name="fullAndMinimizeScreen" time="4.263"/>
  <system-out/>
</testsuite> <!-- statisticsManagerTestScripts.ViewSubjectsInYearTestNG -->
