<?xml version="1.0" encoding="UTF-8"?>
<!-- Generated by org.testng.reporters.JUnitReportReporter -->
<testsuite hostname="LAPTOP-VT7KI1HB" failures="0" tests="1" name="testScript.SearchMajorTestNG" time="4.127" errors="0" timestamp="2024-03-15T20:44:26 ICT" skipped="0">
  <testcase classname="testScript.SearchMajorTestNG" name="test" time="4.127"/>
  <system-out/>
</testsuite> <!-- testScript.SearchMajorTestNG -->
