<?xml version="1.0" encoding="UTF-8"?>
<!-- Generated by org.testng.reporters.JUnitReportReporter -->
<testsuite hostname="LAPTOP-VT7KI1HB" failures="0" tests="1" name="userManagementTestScripts.SearchUserTestNG" time="5.074" errors="0" timestamp="2024-04-03T18:14:44 ICT" skipped="0">
  <testcase classname="userManagementTestScripts.SearchUserTestNG" name="test" time="5.074"/>
  <system-out/>
</testsuite> <!-- userManagementTestScripts.SearchUserTestNG -->
