<?xml version="1.0" encoding="UTF-8"?>
<!-- Generated by org.testng.reporters.JUnitReportReporter -->
<testsuite hostname="LAPTOP-VT7KI1HB" failures="0" tests="1" name="testScript.UpdateMajorTestNG" time="35.920" errors="0" timestamp="2024-03-20T11:36:50 ICT" skipped="0">
  <testcase classname="testScript.UpdateMajorTestNG" name="test" time="35.920"/>
  <system-out/>
</testsuite> <!-- testScript.UpdateMajorTestNG -->
