<?xml version="1.0" encoding="UTF-8"?>
<!-- Generated by org.testng.reporters.JUnitReportReporter -->
<testsuite hostname="LAPTOP-VT7KI1HB" failures="0" tests="4" name="statisticsManagementTestScripts.ViewSubjectsInTermTestNG" time="30.866" errors="0" timestamp="2024-04-15T09:19:00 ICT" skipped="0">
  <testcase classname="statisticsManagementTestScripts.ViewSubjectsInTermTestNG" name="fullAndMinimizeScreen" time="4.275"/>
  <system-out/>
  <testcase classname="statisticsManagementTestScripts.ViewSubjectsInTermTestNG" name="getDataFromTable" time="22.475"/>
  <system-out/>
  <testcase classname="statisticsManagementTestScripts.ViewSubjectsInTermTestNG" name="scrollUpAndDownPage" time="4.074"/>
  <system-out/>
  <testcase classname="statisticsManagementTestScripts.ViewSubjectsInTermTestNG" name="compareTitle" time="0.042"/>
  <system-out/>
</testsuite> <!-- statisticsManagementTestScripts.ViewSubjectsInTermTestNG -->
