<?xml version="1.0" encoding="UTF-8"?>
<!-- Generated by org.testng.reporters.JUnitReportReporter -->
<testsuite hostname="LAPTOP-VT7KI1HB" failures="0" tests="4" name="statisticsManagementTestScripts.ViewSubjectsInYearTestNG" time="31.034" errors="0" timestamp="2024-04-15T09:37:34 ICT" skipped="0">
  <testcase classname="statisticsManagementTestScripts.ViewSubjectsInYearTestNG" name="fullAndMinimizeScreen" time="4.268"/>
  <system-out/>
  <testcase classname="statisticsManagementTestScripts.ViewSubjectsInYearTestNG" name="compareTitle" time="0.041"/>
  <system-out/>
  <testcase classname="statisticsManagementTestScripts.ViewSubjectsInYearTestNG" name="getDataFromTable" time="22.652"/>
  <system-out/>
  <testcase classname="statisticsManagementTestScripts.ViewSubjectsInYearTestNG" name="scrollUpAndDownPage" time="4.073"/>
  <system-out/>
</testsuite> <!-- statisticsManagementTestScripts.ViewSubjectsInYearTestNG -->
