<?xml version="1.0" encoding="UTF-8"?>
<!-- Generated by org.testng.reporters.JUnitReportReporter -->
<testsuite hostname="LAPTOP-VT7KI1HB" failures="0" tests="2" name="statisticsManagementTestScripts.ViewLecturerTimetableTestNG" time="4.268" errors="0" timestamp="2024-04-05T11:00:22 ICT" skipped="0">
  <testcase classname="statisticsManagementTestScripts.ViewLecturerTimetableTestNG" name="compareTitle" time="0.053"/>
  <system-out/>
  <testcase classname="statisticsManagementTestScripts.ViewLecturerTimetableTestNG" name="fullAndMinimizeScreen" time="4.215"/>
  <system-out/>
</testsuite> <!-- statisticsManagementTestScripts.ViewLecturerTimetableTestNG -->
