<?xml version="1.0" encoding="UTF-8"?>
<!-- Generated by org.testng.reporters.JUnitReportReporter -->
<testsuite hostname="LAPTOP-VT7KI1HB" failures="0" tests="3" name="statisticsManagerTestScripts.ViewHoursByRemunerationCoefficientInYearTestNG" time="8.343" errors="0" timestamp="2024-03-21T20:47:50 ICT" skipped="0">
  <testcase classname="statisticsManagerTestScripts.ViewHoursByRemunerationCoefficientInYearTestNG" name="scrollUpAndDownPage" time="4.083"/>
  <system-out/>
  <testcase classname="statisticsManagerTestScripts.ViewHoursByRemunerationCoefficientInYearTestNG" name="fullAndMinimizeScreen" time="4.224"/>
  <system-out/>
  <testcase classname="statisticsManagerTestScripts.ViewHoursByRemunerationCoefficientInYearTestNG" name="compareTitle" time="0.036"/>
  <system-out/>
</testsuite> <!-- statisticsManagerTestScripts.ViewHoursByRemunerationCoefficientInYearTestNG -->
