<?xml version="1.0" encoding="UTF-8"?>
<!-- Generated by org.testng.reporters.JUnitReportReporter -->
<testsuite hostname="LAPTOP-VT7KI1HB" failures="0" tests="1" name="handleExcel.demo" time="0.005" errors="0" timestamp="2024-03-14T13:14:12 ICT" skipped="0">
  <testcase classname="handleExcel.demo" name="f" time="0.005"/>
  <system-out/>
</testsuite> <!-- handleExcel.demo -->
