<?xml version="1.0" encoding="UTF-8"?>
<!-- Generated by org.testng.reporters.JUnitReportReporter -->
<testsuite hostname="LAPTOP-VT7KI1HB" failures="0" tests="1" name="majorManagementTestScripts.DeleteMajorTestNG" time="4.229" errors="0" timestamp="2024-04-14T21:48:31 ICT" skipped="0">
  <testcase classname="majorManagementTestScripts.DeleteMajorTestNG" name="deleteMajorFailed" time="4.229"/>
  <system-out/>
</testsuite> <!-- majorManagementTestScripts.DeleteMajorTestNG -->
