<?xml version="1.0" encoding="UTF-8"?>
<!-- Generated by org.testng.reporters.JUnitReportReporter -->
<testsuite hostname="LAPTOP-VT7KI1HB" failures="0" tests="3" name="statisticsManagerTestScripts.ViewPersonalHoursInYearTestNG" time="8.367" errors="0" timestamp="2024-03-21T21:19:07 ICT" skipped="0">
  <testcase classname="statisticsManagerTestScripts.ViewPersonalHoursInYearTestNG" name="compareTitle" time="0.043"/>
  <system-out/>
  <testcase classname="statisticsManagerTestScripts.ViewPersonalHoursInYearTestNG" name="fullAndMinimizeScreen" time="4.242"/>
  <system-out/>
  <testcase classname="statisticsManagerTestScripts.ViewPersonalHoursInYearTestNG" name="scrollUpAndDownPage" time="4.082"/>
  <system-out/>
</testsuite> <!-- statisticsManagerTestScripts.ViewPersonalHoursInYearTestNG -->
