<?xml version="1.0" encoding="UTF-8"?>
<!-- Generated by org.testng.reporters.JUnitReportReporter -->
<testsuite hostname="LAPTOP-VT7KI1HB" failures="0" tests="1" name="scheduleTestScripts.ExportScheduleTestNG" time="2.114" errors="0" timestamp="2024-03-21T11:08:45 ICT" skipped="0">
  <testcase classname="scheduleTestScripts.ExportScheduleTestNG" name="test" time="2.114"/>
  <system-out/>
</testsuite> <!-- scheduleTestScripts.ExportScheduleTestNG -->
