<?xml version="1.0" encoding="UTF-8"?>
<!-- Generated by org.testng.reporters.JUnitReportReporter -->
<testsuite hostname="LAPTOP-VT7KI1HB" failures="0" tests="3" name="statisticsManagementTestScripts.ViewHoursByRemunerationCoefficientInYearTestNG" time="8.323" errors="0" timestamp="2024-04-15T10:14:46 ICT" skipped="0">
  <testcase classname="statisticsManagementTestScripts.ViewHoursByRemunerationCoefficientInYearTestNG" name="scrollUpAndDownPage" time="4.076"/>
  <system-out/>
  <testcase classname="statisticsManagementTestScripts.ViewHoursByRemunerationCoefficientInYearTestNG" name="fullAndMinimizeScreen" time="4.209"/>
  <system-out/>
  <testcase classname="statisticsManagementTestScripts.ViewHoursByRemunerationCoefficientInYearTestNG" name="compareTitle" time="0.038"/>
  <system-out/>
</testsuite> <!-- statisticsManagementTestScripts.ViewHoursByRemunerationCoefficientInYearTestNG -->
