<?xml version="1.0" encoding="UTF-8"?>
<!-- Generated by org.testng.reporters.JUnitReportReporter -->
<testsuite hostname="LAPTOP-VT7KI1HB" failures="0" tests="3" name="statisticsManagerTestScripts.ViewHoursByLessonInTermTestNG" time="8.367" errors="0" timestamp="2024-03-21T17:27:11 ICT" skipped="0">
  <testcase classname="statisticsManagerTestScripts.ViewHoursByLessonInTermTestNG" name="scrollUpAndDownPage" time="4.101"/>
  <system-out/>
  <testcase classname="statisticsManagerTestScripts.ViewHoursByLessonInTermTestNG" name="fullAndMinimizeScreen" time="4.229"/>
  <system-out/>
  <testcase classname="statisticsManagerTestScripts.ViewHoursByLessonInTermTestNG" name="compareTitle" time="0.037"/>
  <system-out/>
</testsuite> <!-- statisticsManagerTestScripts.ViewHoursByLessonInTermTestNG -->
