<?xml version="1.0" encoding="UTF-8"?>
<!-- Generated by org.testng.reporters.JUnitReportReporter -->
<testsuite hostname="LAPTOP-VT7KI1HB" failures="0" tests="1" name="majorManagementTestScripts.SearchMajorTestNG" time="5.311" errors="0" timestamp="2024-04-14T21:53:01 ICT" skipped="0">
  <testcase classname="majorManagementTestScripts.SearchMajorTestNG" name="searchMajorSucceed" time="5.311"/>
  <system-out/>
</testsuite> <!-- majorManagementTestScripts.SearchMajorTestNG -->
