<?xml version="1.0" encoding="UTF-8"?>
<!-- Generated by org.testng.reporters.JUnitReportReporter -->
<testsuite hostname="LAPTOP-VT7KI1HB" failures="0" tests="3" name="statisticsManagerTestScripts.ViewHoursByRemunerationCoefficientInTermTestNG" time="8.333" errors="0" timestamp="2024-03-21T20:45:42 ICT" skipped="0">
  <testcase classname="statisticsManagerTestScripts.ViewHoursByRemunerationCoefficientInTermTestNG" name="fullAndMinimizeScreen" time="4.208"/>
  <system-out/>
  <testcase classname="statisticsManagerTestScripts.ViewHoursByRemunerationCoefficientInTermTestNG" name="scrollUpAndDownPage" time="4.089"/>
  <system-out/>
  <testcase classname="statisticsManagerTestScripts.ViewHoursByRemunerationCoefficientInTermTestNG" name="compareTitle" time="0.036"/>
  <system-out/>
</testsuite> <!-- statisticsManagerTestScripts.ViewHoursByRemunerationCoefficientInTermTestNG -->
