<?xml version="1.0" encoding="UTF-8"?>
<!-- Generated by org.testng.reporters.JUnitReportReporter -->
<testsuite hostname="LAPTOP-VT7KI1HB" failures="0" tests="1" name="userManagementTestScripts.LockUserTestNG" time="6.299" errors="0" timestamp="2024-04-03T18:16:00 ICT" skipped="0">
  <testcase classname="userManagementTestScripts.LockUserTestNG" name="test" time="6.299"/>
  <system-out/>
</testsuite> <!-- userManagementTestScripts.LockUserTestNG -->
