<?xml version="1.0" encoding="UTF-8"?>
<!-- Generated by org.testng.reporters.JUnitReportReporter -->
<testsuite hostname="LAPTOP-VT7KI1HB" failures="0" tests="4" name="statisticsManagerTestScripts.ViewSubjectsInYear" time="30.884" errors="0" timestamp="2024-03-21T17:02:12 ICT" skipped="0">
  <testcase classname="statisticsManagerTestScripts.ViewSubjectsInYear" name="compareTitle" time="0.039"/>
  <system-out/>
  <testcase classname="statisticsManagerTestScripts.ViewSubjectsInYear" name="scrollUpAndDownPage" time="4.065"/>
  <system-out/>
  <testcase classname="statisticsManagerTestScripts.ViewSubjectsInYear" name="getDataFromTable" time="22.524"/>
  <system-out/>
  <testcase classname="statisticsManagerTestScripts.ViewSubjectsInYear" name="fullAndMinimizeScreen" time="4.256"/>
  <system-out/>
</testsuite> <!-- statisticsManagerTestScripts.ViewSubjectsInYear -->
