<?xml version="1.0" encoding="UTF-8"?>
<!-- Generated by org.testng.reporters.JUnitReportReporter -->
<testsuite hostname="LAPTOP-VT7KI1HB" failures="0" tests="3" name="statisticsManagerTestScripts.ViewHoursByLessonInYearTestNG" time="8.371" errors="0" timestamp="2024-03-21T17:45:17 ICT" skipped="0">
  <testcase classname="statisticsManagerTestScripts.ViewHoursByLessonInYearTestNG" name="fullAndMinimizeScreen" time="4.249"/>
  <system-out/>
  <testcase classname="statisticsManagerTestScripts.ViewHoursByLessonInYearTestNG" name="compareTitle" time="0.033"/>
  <system-out/>
  <testcase classname="statisticsManagerTestScripts.ViewHoursByLessonInYearTestNG" name="scrollUpAndDownPage" time="4.089"/>
  <system-out/>
</testsuite> <!-- statisticsManagerTestScripts.ViewHoursByLessonInYearTestNG -->
