<?xml version="1.0" encoding="UTF-8"?>
<!-- Generated by org.testng.reporters.JUnitReportReporter -->
<testsuite hostname="LAPTOP-VT7KI1HB" failures="0" tests="3" name="statisticsManagementTestScripts.ViewPersonalHoursByLessonInYearTestNG" time="8.254" errors="0" timestamp="2024-04-05T10:38:38 ICT" skipped="0">
  <testcase classname="statisticsManagementTestScripts.ViewPersonalHoursByLessonInYearTestNG" name="compareTitle" time="0.028"/>
  <system-out/>
  <testcase classname="statisticsManagementTestScripts.ViewPersonalHoursByLessonInYearTestNG" name="fullAndMinimizeScreen" time="4.221"/>
  <system-out/>
  <testcase classname="statisticsManagementTestScripts.ViewPersonalHoursByLessonInYearTestNG" name="scrollUpAndDownPage" time="4.005"/>
  <system-out/>
</testsuite> <!-- statisticsManagementTestScripts.ViewPersonalHoursByLessonInYearTestNG -->
