<?xml version="1.0" encoding="UTF-8"?>
<!-- Generated by org.testng.reporters.JUnitReportReporter -->
<testsuite hostname="LAPTOP-VT7KI1HB" failures="0" tests="1" name="timetableManagementTestScripts.ExportScheduleTestNG" time="2.118" errors="0" timestamp="2024-03-22T18:31:32 ICT" skipped="0">
  <testcase classname="timetableManagementTestScripts.ExportScheduleTestNG" name="test" time="2.118"/>
  <system-out/>
</testsuite> <!-- timetableManagementTestScripts.ExportScheduleTestNG -->
