<?xml version="1.0" encoding="UTF-8"?>
<!-- Generated by org.testng.reporters.JUnitReportReporter -->
<testsuite hostname="LAPTOP-VT7KI1HB" failures="0" tests="3" name="statisticsManagementTestScripts.ViewPersonalHoursInTermTestNG" time="8.345" errors="0" timestamp="2024-04-15T10:48:26 ICT" skipped="0">
  <testcase classname="statisticsManagementTestScripts.ViewPersonalHoursInTermTestNG" name="compareTitle" time="0.017"/>
  <system-out/>
  <testcase classname="statisticsManagementTestScripts.ViewPersonalHoursInTermTestNG" name="fullAndMinimizeScreen" time="4.241"/>
  <system-out/>
  <testcase classname="statisticsManagementTestScripts.ViewPersonalHoursInTermTestNG" name="scrollUpAndDownPage" time="4.087"/>
  <system-out/>
</testsuite> <!-- statisticsManagementTestScripts.ViewPersonalHoursInTermTestNG -->
