<?xml version="1.0" encoding="UTF-8"?>
<!-- Generated by org.testng.reporters.JUnitReportReporter -->
<testsuite hostname="LAPTOP-VT7KI1HB" failures="0" tests="1" name="termManagementTestNG.LockTermTestNG" time="4.381" errors="0" timestamp="2024-03-22T18:13:16 ICT" skipped="0">
  <testcase classname="termManagementTestNG.LockTermTestNG" name="TestCase1" time="4.381"/>
  <system-out/>
</testsuite> <!-- termManagementTestNG.LockTermTestNG -->
