<?xml version="1.0" encoding="UTF-8"?>
<!-- Generated by org.testng.reporters.JUnitReportReporter -->
<testsuite hostname="LAPTOP-VT7KI1HB" failures="0" tests="2" name="userManagementTestScripts.ViewListOfUserTestNG" time="4.046" errors="0" timestamp="2024-04-03T18:07:09 ICT" skipped="0">
  <testcase classname="userManagementTestScripts.ViewListOfUserTestNG" name="scrollWebsite" time="4.010"/>
  <system-out/>
  <testcase classname="userManagementTestScripts.ViewListOfUserTestNG" name="compareTitle" time="0.036"/>
  <system-out/>
</testsuite> <!-- userManagementTestScripts.ViewListOfUserTestNG -->
