<?xml version="1.0" encoding="UTF-8"?>
<!-- Generated by org.testng.reporters.JUnitReportReporter -->
<testsuite hostname="LAPTOP-VT7KI1HB" failures="0" tests="1" name="majorTestScript.SearchMajorTestNG" time="5.345" errors="0" timestamp="2024-03-20T21:51:09 ICT" skipped="0">
  <testcase classname="majorTestScript.SearchMajorTestNG" name="test" time="5.345"/>
  <system-out/>
</testsuite> <!-- majorTestScript.SearchMajorTestNG -->
