<?xml version="1.0" encoding="UTF-8"?>
<!-- Generated by org.testng.reporters.JUnitReportReporter -->
<testsuite hostname="LAPTOP-VT7KI1HB" failures="0" tests="1" name="testScript.ViewListOfMajorTestNG" time="4.040" errors="0" timestamp="2024-03-19T22:05:05 ICT" skipped="0">
  <testcase classname="testScript.ViewListOfMajorTestNG" name="test" time="4.040"/>
  <system-out/>
</testsuite> <!-- testScript.ViewListOfMajorTestNG -->
