<?xml version="1.0" encoding="UTF-8"?>
<!-- Generated by org.testng.reporters.JUnitReportReporter -->
<testsuite hostname="LAPTOP-VT7KI1HB" failures="0" tests="2" name="majorManagementTestScripts.ViewListOfMajorTestNG" time="4.071" errors="0" timestamp="2024-04-05T11:39:06 ICT" skipped="0">
  <testcase classname="majorManagementTestScripts.ViewListOfMajorTestNG" name="compareTitle" time="0.040"/>
  <system-out/>
  <testcase classname="majorManagementTestScripts.ViewListOfMajorTestNG" name="scrollWebsite" time="4.031"/>
  <system-out/>
</testsuite> <!-- majorManagementTestScripts.ViewListOfMajorTestNG -->
