<?xml version="1.0" encoding="UTF-8"?>
<!-- Generated by org.testng.reporters.JUnitReportReporter -->
<testsuite hostname="LAPTOP-VT7KI1HB" failures="0" tests="1" name="statisticsManagerTestScripts.ViewHoursInYearTestNG" time="8.368" errors="0" timestamp="2024-03-21T15:32:14 ICT" skipped="0">
  <testcase classname="statisticsManagerTestScripts.ViewHoursInYearTestNG" name="test" time="8.368"/>
  <system-out/>
</testsuite> <!-- statisticsManagerTestScripts.ViewHoursInYearTestNG -->
