<?xml version="1.0" encoding="UTF-8"?>
<!-- Generated by org.testng.reporters.JUnitReportReporter -->
<testsuite hostname="LAPTOP-VT7KI1HB" failures="0" tests="2" name="majorManagementTestScripts.UpdateMajorTestNG" time="35.901" errors="0" timestamp="2024-04-14T21:23:13 ICT" skipped="0">
  <testcase classname="majorManagementTestScripts.UpdateMajorTestNG" name="updateMajorSucceed" time="16.893"/>
  <system-out/>
  <testcase classname="majorManagementTestScripts.UpdateMajorTestNG" name="updateMajorWithoutDataFailed" time="19.008"/>
  <system-out/>
</testsuite> <!-- majorManagementTestScripts.UpdateMajorTestNG -->
