<?xml version="1.0" encoding="UTF-8"?>
<!-- Generated by org.testng.reporters.JUnitReportReporter -->
<testsuite hostname="LAPTOP-VT7KI1HB" failures="0" tests="4" name="statisticsManagerTestScripts.ViewSubjectsInTermTestNG" time="30.586" errors="0" timestamp="2024-03-21T16:32:05 ICT" skipped="0">
  <testcase classname="statisticsManagerTestScripts.ViewSubjectsInTermTestNG" name="getDataFromTable" time="22.251"/>
  <system-out/>
  <testcase classname="statisticsManagerTestScripts.ViewSubjectsInTermTestNG" name="fullAndMinimizeScreen" time="4.226"/>
  <system-out/>
  <testcase classname="statisticsManagerTestScripts.ViewSubjectsInTermTestNG" name="compareTitle" time="0.045"/>
  <system-out/>
  <testcase classname="statisticsManagerTestScripts.ViewSubjectsInTermTestNG" name="scrollUpAndDownPage" time="4.064"/>
  <system-out/>
</testsuite> <!-- statisticsManagerTestScripts.ViewSubjectsInTermTestNG -->
