<?xml version="1.0" encoding="UTF-8"?>
<!-- Generated by org.testng.reporters.JUnitReportReporter -->
<testsuite hostname="LAPTOP-VT7KI1HB" failures="0" tests="1" name="remunerationManagementTestScripts.UpdateAcademicDegreeTestNG" time="8.677" errors="0" timestamp="2024-04-05T11:11:43 ICT" skipped="0">
  <testcase classname="remunerationManagementTestScripts.UpdateAcademicDegreeTestNG" name="updateAcademicDegreeSucceed" time="8.677"/>
  <system-out/>
</testsuite> <!-- remunerationManagementTestScripts.UpdateAcademicDegreeTestNG -->
