<?xml version="1.0" encoding="UTF-8"?>
<!-- Generated by org.testng.reporters.JUnitReportReporter -->
<testsuite hostname="LAPTOP-VT7KI1HB" failures="0" tests="1" name="testScript.LoginToQLPCGDWebsiteTestNG" time="8.006" errors="0" timestamp="2024-03-19T21:29:21 ICT" skipped="0">
  <testcase classname="testScript.LoginToQLPCGDWebsiteTestNG" name="test" time="8.006"/>
  <system-out/>
</testsuite> <!-- testScript.LoginToQLPCGDWebsiteTestNG -->
