<?xml version="1.0" encoding="UTF-8"?>
<!-- Generated by org.testng.reporters.JUnitReportReporter -->
<testsuite hostname="LAPTOP-VT7KI1HB" failures="0" tests="3" name="statisticsManagementTestScripts.ViewHoursByLessonInTermTestNG" time="8.372" errors="0" timestamp="2024-04-15T10:09:38 ICT" skipped="0">
  <testcase classname="statisticsManagementTestScripts.ViewHoursByLessonInTermTestNG" name="compareTitle" time="0.041"/>
  <system-out/>
  <testcase classname="statisticsManagementTestScripts.ViewHoursByLessonInTermTestNG" name="scrollUpAndDownPage" time="4.057"/>
  <system-out/>
  <testcase classname="statisticsManagementTestScripts.ViewHoursByLessonInTermTestNG" name="fullAndMinimizeScreen" time="4.274"/>
  <system-out/>
</testsuite> <!-- statisticsManagementTestScripts.ViewHoursByLessonInTermTestNG -->
