<?xml version="1.0" encoding="UTF-8"?>
<!-- Generated by org.testng.reporters.JUnitReportReporter -->
<testsuite hostname="LAPTOP-VT7KI1HB" failures="0" tests="3" name="statisticsManagerTestScripts.ViewPersonalHoursInTermTestNG" time="8.308" errors="0" timestamp="2024-03-21T20:23:39 ICT" skipped="0">
  <testcase classname="statisticsManagerTestScripts.ViewPersonalHoursInTermTestNG" name="scrollUpAndDownPage" time="4.083"/>
  <system-out/>
  <testcase classname="statisticsManagerTestScripts.ViewPersonalHoursInTermTestNG" name="fullAndMinimizeScreen" time="4.213"/>
  <system-out/>
  <testcase classname="statisticsManagerTestScripts.ViewPersonalHoursInTermTestNG" name="compareTitle" time="0.012"/>
  <system-out/>
</testsuite> <!-- statisticsManagerTestScripts.ViewPersonalHoursInTermTestNG -->
